<?xml version="1.0" encoding="UTF-8"?>
<testsuite name="tests.BasicTests" tests="2" skipped="0" failures="0" errors="0" timestamp="2020-11-26T18:45:17" hostname="DESKTOP-T1171AB" time="35.675">
  <properties/>
  <testcase name="LudoLego" classname="tests.BasicTests" time="20.476"/>
  <testcase name="ShopbyAge" classname="tests.BasicTests" time="15.198"/>
  <system-out><![CDATA[]]></system-out>
  <system-err><![CDATA[Starting ChromeDriver 86.0.4240.22 (398b0743353ff36fb1b82468f63a3a93b4e2e89e-refs/branch-heads/4240@{#378}) on port 21376
Only local connections are allowed.
Please see https://chromedriver.chromium.org/security-considerations for suggestions on keeping ChromeDriver safe.
ChromeDriver was started successfully.
nov. 26, 2020 7:45:21 P. M. org.openqa.selenium.remote.ProtocolHandshake createSession
INFO: Detected dialect: W3C
Starting ChromeDriver 86.0.4240.22 (398b0743353ff36fb1b82468f63a3a93b4e2e89e-refs/branch-heads/4240@{#378}) on port 4740
Only local connections are allowed.
Please see https://chromedriver.chromium.org/security-considerations for suggestions on keeping ChromeDriver safe.
ChromeDriver was started successfully.
nov. 26, 2020 7:45:41 P. M. org.openqa.selenium.remote.ProtocolHandshake createSession
INFO: Detected dialect: W3C
]]></system-err>
</testsuite>
